[0m[[0m[0mdebug[0m] [0m[0m> Exec(run, Some(715dfc5d-03fe-49a3-84c3-c9a39dff0c5e), Some(CommandSource(console0)))[0m
[0m[[0m[0mdebug[0m] [0m[0mEvaluating tasks: Compile / run[0m
[0m[[0m[0mdebug[0m] [0m[0mRunning task... Cancel: Signal, check cycles: false, forcegc: true[0m
[0m[[0m[0minfo[0m] [0m[0mcompiling 1 Scala source to /Users/mackerel/Desktop/mem-game/target/scala-3.3.1/classes ...[0m
[0m[[0m[31merror[0m] [0m[0m[31m[31m-- [E040] Syntax Error: /Users/mackerel/Desktop/mem-game/src/main/scala/Main.scala:153:11 [0m[0m[0m
[0m[[0m[31merror[0m] [0m[0m[31m153 |[0m          })[0m
[0m[[0m[31merror[0m] [0m[0m[31m[31m    |[0m           ^[0m[0m
[0m[[0m[31merror[0m] [0m[0m[31m    |[0m           '}' expected, but ')' found[0m
[0m[[0m[33mwarn[0m] [0m[0m[33m[33m-- Warning: /Users/mackerel/Desktop/mem-game/src/main/scala/Main.scala:110:14 --[0m[0m[0m
[0m[[0m[33mwarn[0m] [0m[0m[33m110 |[0m              [33mif[0m(posy < [31m200[0m) {[0m
[0m[[0m[33mwarn[0m] [0m[0m[33m[33m    |[0m              ^[0m[0m
[0m[[0m[33mwarn[0m] [0m[0m[33m    |[0m             Line is indented too far to the left, or a `}` is missing[0m
[0m[[0m[33mwarn[0m] [0m[0m[33m[33m-- Warning: /Users/mackerel/Desktop/mem-game/src/main/scala/Main.scala:151:14 --[0m[0m[0m
[0m[[0m[33mwarn[0m] [0m[0m[33m151 |[0m              println([31ms"Mouse position [0m$posx[31m - [0m$posy[31m"[0m)[0m
[0m[[0m[33mwarn[0m] [0m[0m[33m[33m    |[0m              ^[0m[0m
[0m[[0m[33mwarn[0m] [0m[0m[33m    |[0m             Line is indented too far to the left, or a `}` is missing[0m
[0m[[0m[33mwarn[0m] [0m[0m[33m[33m-- Warning: /Users/mackerel/Desktop/mem-game/src/main/scala/Main.scala:175:0 ---[0m[0m[0m
[0m[[0m[33mwarn[0m] [0m[0m[33m175 |[0m[0m
[0m[[0m[33mwarn[0m] [0m[0m[33m[33m    |[0m^[0m[0m
[0m[[0m[33mwarn[0m] [0m[0m[33m    |[0mLine is indented too far to the left, or a `}` is missing[0m
[0m[[0m[33mwarn[0m] [0m[0mthree warnings found[0m
[0m[[0m[31merror[0m] [0m[0mone error found[0m
[0m[[0m[31merror[0m] [0m[0m(Compile / [31mcompileIncremental[0m) Compilation failed[0m
[0m[[0m[31merror[0m] [0m[0mTotal time: 0 s, completed 14 Jan 2024, 20:40:03[0m
[0m[[0m[0mdebug[0m] [0m[0m> Exec(shell, None, None)[0m
