[0m[[0m[0mdebug[0m] [0m[0m> Exec(run, Some(edefaa48-5b9d-4352-8bdb-0bf8d35d7ae3), Some(CommandSource(console0)))[0m
[0m[[0m[0mdebug[0m] [0m[0mEvaluating tasks: Compile / run[0m
[0m[[0m[0mdebug[0m] [0m[0mRunning task... Cancel: Signal, check cycles: false, forcegc: true[0m
[0m[[0m[0minfo[0m] [0m[0mcompiling 2 Scala sources to /Users/mackerel/Desktop/mem-game/target/scala-3.3.1/classes ...[0m
[0m[[0m[31merror[0m] [0m[0m[31m[31m-- [E006] Not Found Error: /Users/mackerel/Desktop/mem-game/src/main/scala/GUI.scala:43:8 [0m[0m[0m
[0m[[0m[31merror[0m] [0m[0m[31m43 |[0m        w1.setColor(Color.lightGray)[0m
[0m[[0m[31merror[0m] [0m[0m[31m[31m   |[0m        ^^[0m[0m
[0m[[0m[31merror[0m] [0m[0m[31m   |[0m        Not found: w1[0m
[0m[[0m[31merror[0m] [0m[0m[31m   |[0m[0m
[0m[[0m[31merror[0m] [0m[0m[31m   |[0m longer explanation available when compiling with `-explain`[0m
[0m[[0m[31merror[0m] [0m[0m[31m[31m-- [E006] Not Found Error: /Users/mackerel/Desktop/mem-game/src/main/scala/GUI.scala:44:8 [0m[0m[0m
[0m[[0m[31merror[0m] [0m[0m[31m44 |[0m        w1.drawFillRect((i*[31m100[0m)+[31m5[0m, (j*[31m100[0m)+[31m105[0m, [31m90[0m, [31m90[0m)[0m
[0m[[0m[31merror[0m] [0m[0m[31m[31m   |[0m        ^^[0m[0m
[0m[[0m[31merror[0m] [0m[0m[31m   |[0m        Not found: w1[0m
[0m[[0m[31merror[0m] [0m[0m[31m   |[0m[0m
[0m[[0m[31merror[0m] [0m[0m[31m   |[0m longer explanation available when compiling with `-explain`[0m
[0m[[0m[31merror[0m] [0m[0mtwo errors found[0m
[0m[[0m[31merror[0m] [0m[0m(Compile / [31mcompileIncremental[0m) Compilation failed[0m
[0m[[0m[31merror[0m] [0m[0mTotal time: 0 s, completed 8 Jan 2024, 09:49:08[0m
[0m[[0m[0mdebug[0m] [0m[0m> Exec(shell, None, None)[0m
